<?xml version="1.0" encoding="UTF-8"?>
<!-- Generated by org.testng.reporters.JUnitReportReporter -->
<testsuite hostname="hostname" failures="0" tests="1" name="com.example.restassured.BDD.validator" time="1.311" errors="0" timestamp="2025-01-27T16:44:32 IST" skipped="0">
  <testcase classname="com.example.restassured.BDD.validator" name="getAPI" time="1.311"/>
</testsuite> <!-- com.example.restassured.BDD.validator -->
