<?xml version="1.0" encoding="UTF-8"?>
<!-- Generated by org.testng.reporters.JUnitReportReporter -->
<testsuite hostname="hostname" failures="0" tests="1" name="com.example.ofcProject.getapi" time="225.948" errors="0" timestamp="2025-02-01T10:48:18 IST" skipped="0">
  <testcase classname="com.example.ofcProject.getapi" name="method" time="225.948"/>
</testsuite> <!-- com.example.ofcProject.getapi -->
