<?xml version="1.0" encoding="UTF-8"?>
<!-- Generated by org.testng.reporters.JUnitReportReporter -->
<testsuite hostname="hostname" failures="0" tests="1" name="com.example.log4jExample.Basic" time="0.018" errors="0" timestamp="2025-02-04T13:16:24 IST" skipped="0">
  <testcase classname="com.example.log4jExample.Basic" name="firstMethod" time="0.018"/>
</testsuite> <!-- com.example.log4jExample.Basic -->
