<?xml version="1.0" encoding="UTF-8"?>
<!-- Generated by org.testng.reporters.JUnitReportReporter -->
<testsuite hostname="hostname" failures="0" tests="1" name="com.example.restassured.nonBDD.getreq" time="1.664" errors="0" timestamp="2025-01-23T15:24:34 IST" skipped="0">
  <testcase classname="com.example.restassured.nonBDD.getreq" name="putEmployee" time="1.664"/>
</testsuite> <!-- com.example.restassured.nonBDD.getreq -->
